<?xml version="1.0" encoding="UTF-8"?>
<!-- Generated by org.testng.reporters.JUnitXMLReporter -->
<testsuite hostname="Mukil" name="Test" tests="5" failures="0" timestamp="29 Mar 2017 16:04:03 GMT" time="7.321" errors="0">
  <testcase name="logintest" time="2.673" classname="avnfunctionaltest.Functionaltest"/>
  <testcase name="viewrepairticket" time="3.699" classname="avnfunctionaltest.Functionaltest"/>
  <testcase name="createrepairticket" time="0.299" classname="avnfunctionaltest.Functionaltest"/>
  <testcase name="pageredirection" time="0.279" classname="avnfunctionaltest.Functionaltest"/>
  <testcase name="logouttest" time="0.331" classname="avnfunctionaltest.Functionaltest"/>
</testsuite> <!-- Test -->
